<?xml version="1.0" encoding="UTF-8"?>
<!-- Generated by org.testng.reporters.JUnitReportReporter -->
<testsuite hostname="Bapu-PC" failures="0" tests="3" name="Automation.testCasesFolder1.loginPageTestCases" time="69.197" errors="0" timestamp="2024-03-14T16:14:09 IST" skipped="0">
  <testcase classname="Automation.testCasesFolder1.loginPageTestCases" name="loginSuccess" time="27.469"/>
  <system-out/>
  <testcase classname="Automation.testCasesFolder1.loginPageTestCases" name="loginUnsuccess" time="20.326"/>
  <system-out/>
  <testcase classname="Automation.testCasesFolder1.loginPageTestCases" name="loginNew" time="21.402"/>
  <system-out/>
</testsuite> <!-- Automation.testCasesFolder1.loginPageTestCases -->
